<?xml version="1.0" encoding="UTF-8"?>
<!-- Generated by org.testng.reporters.JUnitReportReporter -->
<testsuite hostname="DESKTOP-EB5OV1J" failures="0" tests="7" name="parallel.ParallelRun" time="168.967" errors="0" timestamp="21 Dec 2022 19:46:07 GMT" skipped="0">
  <testcase classname="parallel.ParallelRun" name="runScenario" time="34.749"/>
  <testcase classname="parallel.ParallelRun" name="runScenario" time="25.235"/>
  <testcase classname="parallel.ParallelRun" name="runScenario" time="20.238"/>
  <testcase classname="parallel.ParallelRun" name="runScenario" time="24.011"/>
  <testcase classname="parallel.ParallelRun" name="runScenario" time="16.525"/>
  <testcase classname="parallel.ParallelRun" name="runScenario" time="20.391"/>
  <testcase classname="parallel.ParallelRun" name="runScenario" time="27.818"/>
</testsuite> <!-- parallel.ParallelRun -->
